mode: set
Hospital-Management-System/business/admins/service.go:16.106,22.2 1 1
Hospital-Management-System/business/admins/service.go:24.68,28.16 2 1
Hospital-Management-System/business/admins/service.go:32.2,36.26 3 1
Hospital-Management-System/business/admins/service.go:40.2,40.16 1 1
Hospital-Management-System/business/admins/service.go:43.2,43.20 1 1
Hospital-Management-System/business/admins/service.go:28.16,30.3 1 0
Hospital-Management-System/business/admins/service.go:36.26,38.3 1 0
Hospital-Management-System/business/admins/service.go:40.16,42.3 1 1
Hospital-Management-System/business/admins/service.go:46.76,50.16 2 1
Hospital-Management-System/business/admins/service.go:54.2,56.16 2 1
Hospital-Management-System/business/admins/service.go:60.2,62.20 2 1
Hospital-Management-System/business/admins/service.go:50.16,52.3 1 1
Hospital-Management-System/business/admins/service.go:56.16,58.3 1 0
